{"/Users/ajjiro/Desktop/PurrfectMatchGit/PurrfectMatch/purrfect-match/src/Api.tsx": {"path":"/Users/ajjiro/Desktop/PurrfectMatchGit/PurrfectMatch/purrfect-match/src/Api.tsx","statementMap":{"0":{"start":{"line":1,"column":0},"end":{"line":1,"column":74}},"1":{"start":{"line":6,"column":0},"end":{"line":6,"column":13}},"2":{"start":{"line":7,"column":18},"end":{"line":38,"column":null}},"3":{"start":{"line":10,"column":8},"end":{"line":12,"column":null}},"4":{"start":{"line":11,"column":12},"end":{"line":11,"column":27}},"5":{"start":{"line":15,"column":56},"end":{"line":35,"column":10}},"6":{"start":{"line":36,"column":28},"end":{"line":36,"column":155}},"7":{"start":{"line":37,"column":8},"end":{"line":37,"column":46}},"8":{"start":{"line":40,"column":18},"end":{"line":43,"column":null}},"9":{"start":{"line":42,"column":8},"end":{"line":42,"column":33}},"10":{"start":{"line":44,"column":0},"end":{"line":44,"column":null}},"11":{"start":{"line":6,"column":13},"end":{"line":6,"column":16}}},"fnMap":{"0":{"name":"(anonymous_0)","decl":{"start":{"line":6,"column":0},"end":{"line":6,"column":13}},"loc":{"start":{"line":6,"column":0},"end":{"line":6,"column":13}}},"1":{"name":"(anonymous_2)","decl":{"start":{"line":7,"column":38},"end":{"line":7,"column":39}},"loc":{"start":{"line":7,"column":58},"end":{"line":38,"column":5}}},"2":{"name":"(anonymous_3)","decl":{"start":{"line":40,"column":38},"end":{"line":40,"column":39}},"loc":{"start":{"line":40,"column":148},"end":{"line":43,"column":5}}}},"branchMap":{"0":{"loc":{"start":{"line":10,"column":8},"end":{"line":12,"column":null}},"type":"if","locations":[{"start":{"line":10,"column":8},"end":{"line":12,"column":null}},{"start":{"line":10,"column":8},"end":{"line":12,"column":null}}]}},"s":{"0":1,"1":1,"2":1,"3":0,"4":0,"5":0,"6":0,"7":0,"8":1,"9":0,"10":1,"11":1},"f":{"0":1,"1":0,"2":0},"b":{"0":[0,0]}}
,"/Users/ajjiro/Desktop/PurrfectMatchGit/PurrfectMatch/purrfect-match/src/App.tsx": {"path":"/Users/ajjiro/Desktop/PurrfectMatchGit/PurrfectMatch/purrfect-match/src/App.tsx","statementMap":{"0":{"start":{"line":1,"column":0},"end":{"line":1,"column":26}},"1":{"start":{"line":2,"column":0},"end":{"line":2,"column":19}},"2":{"start":{"line":3,"column":0},"end":{"line":3,"column":75}},"3":{"start":{"line":4,"column":0},"end":{"line":4,"column":52}},"4":{"start":{"line":5,"column":0},"end":{"line":5,"column":42}},"5":{"start":{"line":6,"column":0},"end":{"line":6,"column":45}},"6":{"start":{"line":7,"column":0},"end":{"line":7,"column":40}},"7":{"start":{"line":8,"column":0},"end":{"line":8,"column":40}},"8":{"start":{"line":9,"column":0},"end":{"line":9,"column":63}},"9":{"start":{"line":17,"column":0},"end":{"line":17,"column":54}},"10":{"start":{"line":17,"column":25},"end":{"line":17,"column":30}},"11":{"start":{"line":19,"column":8},"end":{"line":19,"column":null}},"12":{"start":{"line":20,"column":8},"end":{"line":22,"column":10}},"13":{"start":{"line":25,"column":11},"end":{"line":49,"column":null}},"14":{"start":{"line":26,"column":8},"end":{"line":48,"column":10}},"15":{"start":{"line":50,"column":0},"end":{"line":50,"column":null}},"16":{"start":{"line":17,"column":13},"end":{"line":17,"column":16}}},"fnMap":{"0":{"name":"(anonymous_7)","decl":{"start":{"line":17,"column":0},"end":{"line":17,"column":13}},"loc":{"start":{"line":17,"column":0},"end":{"line":50,"column":null}}},"1":{"name":"App","decl":{"start":{"line":18,"column":4},"end":{"line":18,"column":16}},"loc":{"start":{"line":18,"column":26},"end":{"line":23,"column":5}}},"2":{"name":"(anonymous_9)","decl":{"start":{"line":25,"column":4},"end":{"line":25,"column":11}},"loc":{"start":{"line":25,"column":4},"end":{"line":49,"column":5}}}},"branchMap":{"0":{"loc":{"start":{"line":19,"column":8},"end":{"line":19,"column":20}},"type":"binary-expr","locations":[{"start":{"line":19,"column":8},"end":{"line":19,"column":20}},{"start":{"line":19,"column":20},"end":{"line":19,"column":null}}]}},"s":{"0":1,"1":1,"2":1,"3":1,"4":1,"5":1,"6":1,"7":1,"8":1,"9":1,"10":1,"11":1,"12":1,"13":1,"14":1,"15":1,"16":1},"f":{"0":1,"1":1,"2":1},"b":{"0":[1,1]}}
,"/Users/ajjiro/Desktop/PurrfectMatchGit/PurrfectMatch/purrfect-match/src/CompactView.tsx": {"path":"/Users/ajjiro/Desktop/PurrfectMatchGit/PurrfectMatch/purrfect-match/src/CompactView.tsx","statementMap":{"0":{"start":{"line":1,"column":0},"end":{"line":1,"column":26}},"1":{"start":{"line":2,"column":0},"end":{"line":2,"column":32}},"2":{"start":{"line":4,"column":0},"end":{"line":4,"column":38}},"3":{"start":{"line":17,"column":0},"end":{"line":17,"column":84}},"4":{"start":{"line":17,"column":33},"end":{"line":17,"column":38}},"5":{"start":{"line":20,"column":8},"end":{"line":20,"column":null}},"6":{"start":{"line":22,"column":8},"end":{"line":24,"column":10}},"7":{"start":{"line":27,"column":11},"end":{"line":61,"column":null}},"8":{"start":{"line":27,"column":4},"end":{"line":27,"column":11}},"9":{"start":{"line":28,"column":8},"end":{"line":60,"column":null}},"10":{"start":{"line":30,"column":65},"end":{"line":30,"column":100}},"11":{"start":{"line":42,"column":69},"end":{"line":42,"column":null}},"12":{"start":{"line":63,"column":0},"end":{"line":63,"column":null}},"13":{"start":{"line":17,"column":13},"end":{"line":17,"column":24}}},"fnMap":{"0":{"name":"(anonymous_7)","decl":{"start":{"line":17,"column":0},"end":{"line":17,"column":13}},"loc":{"start":{"line":17,"column":0},"end":{"line":63,"column":null}}},"1":{"name":"CompactView","decl":{"start":{"line":19,"column":4},"end":{"line":19,"column":16}},"loc":{"start":{"line":19,"column":26},"end":{"line":25,"column":5}}},"2":{"name":"(anonymous_9)","decl":{"start":{"line":27,"column":4},"end":{"line":27,"column":11}},"loc":{"start":{"line":27,"column":4},"end":{"line":61,"column":5}}},"3":{"name":"(anonymous_10)","decl":{"start":{"line":30,"column":57},"end":{"line":30,"column":65}},"loc":{"start":{"line":30,"column":57},"end":{"line":30,"column":101}}},"4":{"name":"(anonymous_11)","decl":{"start":{"line":42,"column":63},"end":{"line":42,"column":69}},"loc":{"start":{"line":42,"column":63},"end":{"line":42,"column":73}}}},"branchMap":{"0":{"loc":{"start":{"line":20,"column":8},"end":{"line":20,"column":20}},"type":"binary-expr","locations":[{"start":{"line":20,"column":8},"end":{"line":20,"column":20}},{"start":{"line":20,"column":20},"end":{"line":20,"column":null}}]}},"s":{"0":1,"1":1,"2":1,"3":1,"4":1,"5":0,"6":0,"7":1,"8":0,"9":0,"10":0,"11":0,"12":1,"13":1},"f":{"0":1,"1":0,"2":0,"3":0,"4":0},"b":{"0":[0,0]}}
,"/Users/ajjiro/Desktop/PurrfectMatchGit/PurrfectMatch/purrfect-match/src/ContactPage.tsx": {"path":"/Users/ajjiro/Desktop/PurrfectMatchGit/PurrfectMatch/purrfect-match/src/ContactPage.tsx","statementMap":{"0":{"start":{"line":1,"column":0},"end":{"line":1,"column":26}},"1":{"start":{"line":2,"column":0},"end":{"line":2,"column":27}},"2":{"start":{"line":3,"column":0},"end":{"line":3,"column":60}},"3":{"start":{"line":4,"column":0},"end":{"line":4,"column":26}},"4":{"start":{"line":17,"column":21},"end":{"line":17,"column":34}},"5":{"start":{"line":19,"column":0},"end":{"line":19,"column":84}},"6":{"start":{"line":19,"column":33},"end":{"line":19,"column":38}},"7":{"start":{"line":22,"column":8},"end":{"line":22,"column":null}},"8":{"start":{"line":34,"column":4},"end":{"line":43,"column":null}},"9":{"start":{"line":35,"column":8},"end":{"line":42,"column":null}},"10":{"start":{"line":36,"column":12},"end":{"line":38,"column":22}},"11":{"start":{"line":39,"column":12},"end":{"line":39,"column":25}},"12":{"start":{"line":41,"column":12},"end":{"line":41,"column":43}},"13":{"start":{"line":45,"column":4},"end":{"line":57,"column":null}},"14":{"start":{"line":46,"column":24},"end":{"line":46,"column":28}},"15":{"start":{"line":48,"column":8},"end":{"line":52,"column":null}},"16":{"start":{"line":48,"column":25},"end":{"line":48,"column":26}},"17":{"start":{"line":48,"column":25},"end":{"line":48,"column":100}},"18":{"start":{"line":48,"column":21},"end":{"line":48,"column":25}},"19":{"start":{"line":49,"column":12},"end":{"line":51,"column":null}},"20":{"start":{"line":50,"column":16},"end":{"line":50,"column":34}},"21":{"start":{"line":53,"column":8},"end":{"line":56,"column":null}},"22":{"start":{"line":55,"column":12},"end":{"line":55,"column":163}},"23":{"start":{"line":59,"column":4},"end":{"line":64,"column":null}},"24":{"start":{"line":60,"column":8},"end":{"line":62,"column":null}},"25":{"start":{"line":61,"column":12},"end":{"line":61,"column":25}},"26":{"start":{"line":63,"column":8},"end":{"line":63,"column":25}},"27":{"start":{"line":24,"column":8},"end":{"line":31,"column":10}},"28":{"start":{"line":66,"column":11},"end":{"line":119,"column":null}},"29":{"start":{"line":66,"column":4},"end":{"line":66,"column":11}},"30":{"start":{"line":67,"column":8},"end":{"line":118,"column":10}},"31":{"start":{"line":74,"column":56},"end":{"line":74,"column":null}},"32":{"start":{"line":79,"column":56},"end":{"line":79,"column":null}},"33":{"start":{"line":84,"column":56},"end":{"line":84,"column":null}},"34":{"start":{"line":89,"column":56},"end":{"line":89,"column":null}},"35":{"start":{"line":105,"column":53},"end":{"line":105,"column":null}},"36":{"start":{"line":112,"column":56},"end":{"line":112,"column":null}},"37":{"start":{"line":120,"column":0},"end":{"line":120,"column":null}},"38":{"start":{"line":19,"column":13},"end":{"line":19,"column":24}}},"fnMap":{"0":{"name":"(anonymous_7)","decl":{"start":{"line":19,"column":0},"end":{"line":19,"column":13}},"loc":{"start":{"line":19,"column":0},"end":{"line":120,"column":null}}},"1":{"name":"ContactPage","decl":{"start":{"line":21,"column":4},"end":{"line":21,"column":16}},"loc":{"start":{"line":21,"column":27},"end":{"line":32,"column":5}}},"2":{"name":"(anonymous_9)","decl":{"start":{"line":34,"column":27},"end":{"line":34,"column":28}},"loc":{"start":{"line":34,"column":57},"end":{"line":43,"column":5}}},"3":{"name":"(anonymous_10)","decl":{"start":{"line":45,"column":19},"end":{"line":45,"column":null}},"loc":{"start":{"line":45,"column":19},"end":{"line":57,"column":5}}},"4":{"name":"(anonymous_11)","decl":{"start":{"line":59,"column":17},"end":{"line":59,"column":18}},"loc":{"start":{"line":59,"column":61},"end":{"line":64,"column":5}}},"5":{"name":"(anonymous_12)","decl":{"start":{"line":66,"column":4},"end":{"line":66,"column":11}},"loc":{"start":{"line":66,"column":4},"end":{"line":119,"column":5}}},"6":{"name":"(anonymous_13)","decl":{"start":{"line":74,"column":34},"end":{"line":74,"column":35}},"loc":{"start":{"line":74,"column":51},"end":{"line":74,"column":60}}},"7":{"name":"(anonymous_14)","decl":{"start":{"line":79,"column":34},"end":{"line":79,"column":35}},"loc":{"start":{"line":79,"column":51},"end":{"line":79,"column":60}}},"8":{"name":"(anonymous_15)","decl":{"start":{"line":84,"column":34},"end":{"line":84,"column":35}},"loc":{"start":{"line":84,"column":51},"end":{"line":84,"column":60}}},"9":{"name":"(anonymous_16)","decl":{"start":{"line":89,"column":34},"end":{"line":89,"column":35}},"loc":{"start":{"line":89,"column":51},"end":{"line":89,"column":60}}},"10":{"name":"(anonymous_17)","decl":{"start":{"line":105,"column":34},"end":{"line":105,"column":35}},"loc":{"start":{"line":105,"column":48},"end":{"line":105,"column":57}}},"11":{"name":"(anonymous_18)","decl":{"start":{"line":112,"column":34},"end":{"line":112,"column":35}},"loc":{"start":{"line":112,"column":51},"end":{"line":112,"column":60}}}},"branchMap":{"0":{"loc":{"start":{"line":22,"column":8},"end":{"line":22,"column":20}},"type":"binary-expr","locations":[{"start":{"line":22,"column":8},"end":{"line":22,"column":20}},{"start":{"line":22,"column":20},"end":{"line":22,"column":null}}]},"1":{"loc":{"start":{"line":35,"column":8},"end":{"line":42,"column":null}},"type":"if","locations":[{"start":{"line":35,"column":8},"end":{"line":42,"column":null}},{"start":{"line":35,"column":8},"end":{"line":42,"column":null}}]},"2":{"loc":{"start":{"line":49,"column":12},"end":{"line":51,"column":null}},"type":"if","locations":[{"start":{"line":49,"column":12},"end":{"line":51,"column":null}},{"start":{"line":49,"column":12},"end":{"line":51,"column":null}}]},"3":{"loc":{"start":{"line":53,"column":8},"end":{"line":56,"column":null}},"type":"if","locations":[{"start":{"line":53,"column":8},"end":{"line":56,"column":null}},{"start":{"line":53,"column":8},"end":{"line":56,"column":null}}]},"4":{"loc":{"start":{"line":60,"column":8},"end":{"line":62,"column":null}},"type":"if","locations":[{"start":{"line":60,"column":8},"end":{"line":62,"column":null}},{"start":{"line":60,"column":8},"end":{"line":62,"column":null}}]}},"s":{"0":1,"1":1,"2":1,"3":1,"4":1,"5":1,"6":1,"7":0,"8":0,"9":0,"10":0,"11":0,"12":0,"13":0,"14":0,"15":0,"16":0,"17":0,"18":0,"19":0,"20":0,"21":0,"22":0,"23":0,"24":0,"25":0,"26":0,"27":0,"28":1,"29":0,"30":0,"31":0,"32":0,"33":0,"34":0,"35":0,"36":0,"37":1,"38":1},"f":{"0":1,"1":0,"2":0,"3":0,"4":0,"5":0,"6":0,"7":0,"8":0,"9":0,"10":0,"11":0},"b":{"0":[0,0],"1":[0,0],"2":[0,0],"3":[0,0],"4":[0,0]}}
,"/Users/ajjiro/Desktop/PurrfectMatchGit/PurrfectMatch/purrfect-match/src/Definitions.tsx": {"path":"/Users/ajjiro/Desktop/PurrfectMatchGit/PurrfectMatch/purrfect-match/src/Definitions.tsx","statementMap":{"0":{"start":{"line":8,"column":11},"end":{"line":8,"column":47}}},"fnMap":{},"branchMap":{},"s":{"0":1},"f":{},"b":{}}
,"/Users/ajjiro/Desktop/PurrfectMatchGit/PurrfectMatch/purrfect-match/src/DonatePage.tsx": {"path":"/Users/ajjiro/Desktop/PurrfectMatchGit/PurrfectMatch/purrfect-match/src/DonatePage.tsx","statementMap":{"0":{"start":{"line":1,"column":0},"end":{"line":1,"column":26}},"1":{"start":{"line":10,"column":0},"end":{"line":10,"column":81}},"2":{"start":{"line":10,"column":32},"end":{"line":10,"column":37}},"3":{"start":{"line":13,"column":8},"end":{"line":13,"column":null}},"4":{"start":{"line":15,"column":8},"end":{"line":16,"column":10}},"5":{"start":{"line":19,"column":11},"end":{"line":26,"column":null}},"6":{"start":{"line":21,"column":8},"end":{"line":25,"column":10}},"7":{"start":{"line":28,"column":0},"end":{"line":28,"column":null}},"8":{"start":{"line":10,"column":13},"end":{"line":10,"column":23}}},"fnMap":{"0":{"name":"(anonymous_7)","decl":{"start":{"line":10,"column":0},"end":{"line":10,"column":13}},"loc":{"start":{"line":10,"column":0},"end":{"line":28,"column":null}}},"1":{"name":"DonatePage","decl":{"start":{"line":12,"column":4},"end":{"line":12,"column":16}},"loc":{"start":{"line":12,"column":26},"end":{"line":17,"column":5}}},"2":{"name":"(anonymous_9)","decl":{"start":{"line":19,"column":4},"end":{"line":19,"column":11}},"loc":{"start":{"line":19,"column":4},"end":{"line":26,"column":5}}}},"branchMap":{"0":{"loc":{"start":{"line":13,"column":8},"end":{"line":13,"column":20}},"type":"binary-expr","locations":[{"start":{"line":13,"column":8},"end":{"line":13,"column":20}},{"start":{"line":13,"column":20},"end":{"line":13,"column":null}}]}},"s":{"0":1,"1":1,"2":1,"3":0,"4":0,"5":1,"6":0,"7":1,"8":1},"f":{"0":1,"1":0,"2":0},"b":{"0":[0,0]}}
,"/Users/ajjiro/Desktop/PurrfectMatchGit/PurrfectMatch/purrfect-match/src/Modal.tsx": {"path":"/Users/ajjiro/Desktop/PurrfectMatchGit/PurrfectMatch/purrfect-match/src/Modal.tsx","statementMap":{"0":{"start":{"line":1,"column":0},"end":{"line":1,"column":26}},"1":{"start":{"line":12,"column":0},"end":{"line":12,"column":66}},"2":{"start":{"line":12,"column":27},"end":{"line":12,"column":32}},"3":{"start":{"line":14,"column":11},"end":{"line":24,"column":null}},"4":{"start":{"line":14,"column":4},"end":{"line":14,"column":11}},"5":{"start":{"line":15,"column":8},"end":{"line":17,"column":null}},"6":{"start":{"line":16,"column":12},"end":{"line":16,"column":24}},"7":{"start":{"line":18,"column":8},"end":{"line":23,"column":16}},"8":{"start":{"line":18,"column":62},"end":{"line":18,"column":null}},"9":{"start":{"line":19,"column":51},"end":{"line":19,"column":null}},"10":{"start":{"line":20,"column":63},"end":{"line":20,"column":96}},"11":{"start":{"line":26,"column":0},"end":{"line":26,"column":null}},"12":{"start":{"line":12,"column":13},"end":{"line":12,"column":18}}},"fnMap":{"0":{"name":"(anonymous_7)","decl":{"start":{"line":12,"column":0},"end":{"line":12,"column":13}},"loc":{"start":{"line":12,"column":0},"end":{"line":26,"column":null}}},"1":{"name":"(anonymous_9)","decl":{"start":{"line":14,"column":4},"end":{"line":14,"column":11}},"loc":{"start":{"line":14,"column":4},"end":{"line":24,"column":5}}},"2":{"name":"(anonymous_10)","decl":{"start":{"line":18,"column":56},"end":{"line":18,"column":62}},"loc":{"start":{"line":18,"column":56},"end":{"line":18,"column":66}}},"3":{"name":"(anonymous_11)","decl":{"start":{"line":19,"column":44},"end":{"line":19,"column":45}},"loc":{"start":{"line":19,"column":46},"end":{"line":19,"column":52}}},"4":{"name":"(anonymous_12)","decl":{"start":{"line":20,"column":57},"end":{"line":20,"column":63}},"loc":{"start":{"line":20,"column":57},"end":{"line":20,"column":67}}}},"branchMap":{"0":{"loc":{"start":{"line":15,"column":8},"end":{"line":17,"column":null}},"type":"if","locations":[{"start":{"line":15,"column":8},"end":{"line":17,"column":null}},{"start":{"line":15,"column":8},"end":{"line":17,"column":null}}]}},"s":{"0":1,"1":1,"2":1,"3":1,"4":0,"5":0,"6":0,"7":0,"8":0,"9":0,"10":0,"11":1,"12":1},"f":{"0":1,"1":0,"2":0,"3":0,"4":0},"b":{"0":[0,0]}}
,"/Users/ajjiro/Desktop/PurrfectMatchGit/PurrfectMatch/purrfect-match/src/SearchPage.tsx": {"path":"/Users/ajjiro/Desktop/PurrfectMatchGit/PurrfectMatch/purrfect-match/src/SearchPage.tsx","statementMap":{"0":{"start":{"line":1,"column":0},"end":{"line":1,"column":26}},"1":{"start":{"line":10,"column":0},"end":{"line":10,"column":81}},"2":{"start":{"line":10,"column":32},"end":{"line":10,"column":37}},"3":{"start":{"line":13,"column":8},"end":{"line":13,"column":null}},"4":{"start":{"line":15,"column":8},"end":{"line":16,"column":10}},"5":{"start":{"line":19,"column":11},"end":{"line":26,"column":null}},"6":{"start":{"line":21,"column":8},"end":{"line":25,"column":10}},"7":{"start":{"line":28,"column":0},"end":{"line":28,"column":null}},"8":{"start":{"line":10,"column":13},"end":{"line":10,"column":23}}},"fnMap":{"0":{"name":"(anonymous_7)","decl":{"start":{"line":10,"column":0},"end":{"line":10,"column":13}},"loc":{"start":{"line":10,"column":0},"end":{"line":28,"column":null}}},"1":{"name":"SearchPage","decl":{"start":{"line":12,"column":4},"end":{"line":12,"column":16}},"loc":{"start":{"line":12,"column":26},"end":{"line":17,"column":5}}},"2":{"name":"(anonymous_9)","decl":{"start":{"line":19,"column":4},"end":{"line":19,"column":11}},"loc":{"start":{"line":19,"column":4},"end":{"line":26,"column":5}}}},"branchMap":{"0":{"loc":{"start":{"line":13,"column":8},"end":{"line":13,"column":20}},"type":"binary-expr","locations":[{"start":{"line":13,"column":8},"end":{"line":13,"column":20}},{"start":{"line":13,"column":20},"end":{"line":13,"column":null}}]}},"s":{"0":1,"1":1,"2":1,"3":0,"4":0,"5":1,"6":0,"7":1,"8":1},"f":{"0":1,"1":0,"2":0},"b":{"0":[0,0]}}
,"/Users/ajjiro/Desktop/PurrfectMatchGit/PurrfectMatch/purrfect-match/src/SuccessStoryPage.tsx": {"path":"/Users/ajjiro/Desktop/PurrfectMatchGit/PurrfectMatch/purrfect-match/src/SuccessStoryPage.tsx","statementMap":{"0":{"start":{"line":1,"column":0},"end":{"line":1,"column":26}},"1":{"start":{"line":3,"column":0},"end":{"line":3,"column":44}},"2":{"start":{"line":15,"column":0},"end":{"line":15,"column":99}},"3":{"start":{"line":15,"column":38},"end":{"line":15,"column":43}},"4":{"start":{"line":19,"column":8},"end":{"line":19,"column":null}},"5":{"start":{"line":21,"column":8},"end":{"line":23,"column":10}},"6":{"start":{"line":27,"column":11},"end":{"line":83,"column":null}},"7":{"start":{"line":28,"column":8},"end":{"line":82,"column":20}},"8":{"start":{"line":84,"column":0},"end":{"line":84,"column":null}},"9":{"start":{"line":15,"column":13},"end":{"line":15,"column":29}}},"fnMap":{"0":{"name":"(anonymous_7)","decl":{"start":{"line":15,"column":0},"end":{"line":15,"column":13}},"loc":{"start":{"line":15,"column":0},"end":{"line":84,"column":null}}},"1":{"name":"SuccessStoryPage","decl":{"start":{"line":18,"column":4},"end":{"line":18,"column":16}},"loc":{"start":{"line":18,"column":26},"end":{"line":24,"column":5}}},"2":{"name":"(anonymous_9)","decl":{"start":{"line":27,"column":4},"end":{"line":27,"column":11}},"loc":{"start":{"line":27,"column":4},"end":{"line":83,"column":5}}}},"branchMap":{"0":{"loc":{"start":{"line":19,"column":8},"end":{"line":19,"column":20}},"type":"binary-expr","locations":[{"start":{"line":19,"column":8},"end":{"line":19,"column":20}},{"start":{"line":19,"column":20},"end":{"line":19,"column":null}}]}},"s":{"0":1,"1":1,"2":1,"3":1,"4":0,"5":0,"6":1,"7":0,"8":1,"9":1},"f":{"0":1,"1":0,"2":0},"b":{"0":[0,0]}}
,"/Users/ajjiro/Desktop/PurrfectMatchGit/PurrfectMatch/purrfect-match/src/inputBoxes.tsx": {"path":"/Users/ajjiro/Desktop/PurrfectMatchGit/PurrfectMatch/purrfect-match/src/inputBoxes.tsx","statementMap":{"0":{"start":{"line":1,"column":0},"end":{"line":1,"column":26}},"1":{"start":{"line":2,"column":0},"end":{"line":2,"column":26}},"2":{"start":{"line":20,"column":0},"end":{"line":20,"column":58}},"3":{"start":{"line":20,"column":27},"end":{"line":20,"column":32}},"4":{"start":{"line":22,"column":8},"end":{"line":22,"column":null}},"5":{"start":{"line":29,"column":4},"end":{"line":37,"column":null}},"6":{"start":{"line":30,"column":8},"end":{"line":36,"column":null}},"7":{"start":{"line":31,"column":12},"end":{"line":35,"column":null}},"8":{"start":{"line":32,"column":16},"end":{"line":32,"column":56}},"9":{"start":{"line":34,"column":16},"end":{"line":34,"column":40}},"10":{"start":{"line":24,"column":8},"end":{"line":26,"column":null}},"11":{"start":{"line":39,"column":11},"end":{"line":52,"column":null}},"12":{"start":{"line":40,"column":23},"end":{"line":40,"column":104}},"13":{"start":{"line":41,"column":8},"end":{"line":51,"column":10}},"14":{"start":{"line":53,"column":0},"end":{"line":53,"column":null}},"15":{"start":{"line":20,"column":13},"end":{"line":20,"column":18}},"16":{"start":{"line":55,"column":0},"end":{"line":55,"column":60}},"17":{"start":{"line":55,"column":28},"end":{"line":55,"column":33}},"18":{"start":{"line":58,"column":8},"end":{"line":58,"column":null}},"19":{"start":{"line":61,"column":4},"end":{"line":69,"column":null}},"20":{"start":{"line":62,"column":8},"end":{"line":68,"column":null}},"21":{"start":{"line":63,"column":12},"end":{"line":67,"column":null}},"22":{"start":{"line":64,"column":16},"end":{"line":64,"column":56}},"23":{"start":{"line":66,"column":16},"end":{"line":66,"column":40}},"24":{"start":{"line":71,"column":11},"end":{"line":87,"column":null}},"25":{"start":{"line":72,"column":26},"end":{"line":72,"column":87}},"26":{"start":{"line":72,"column":61},"end":{"line":72,"column":87}},"27":{"start":{"line":73,"column":23},"end":{"line":73,"column":104}},"28":{"start":{"line":75,"column":8},"end":{"line":86,"column":10}},"29":{"start":{"line":88,"column":0},"end":{"line":88,"column":null}},"30":{"start":{"line":55,"column":13},"end":{"line":55,"column":19}},"31":{"start":{"line":90,"column":0},"end":{"line":90,"column":60}},"32":{"start":{"line":90,"column":29},"end":{"line":90,"column":34}},"33":{"start":{"line":90,"column":0},"end":{"line":90,"column":13}},"34":{"start":{"line":92,"column":4},"end":{"line":100,"column":null}},"35":{"start":{"line":93,"column":8},"end":{"line":99,"column":null}},"36":{"start":{"line":94,"column":12},"end":{"line":98,"column":null}},"37":{"start":{"line":95,"column":16},"end":{"line":95,"column":56}},"38":{"start":{"line":97,"column":16},"end":{"line":97,"column":40}},"39":{"start":{"line":102,"column":11},"end":{"line":115,"column":null}},"40":{"start":{"line":103,"column":23},"end":{"line":103,"column":104}},"41":{"start":{"line":104,"column":8},"end":{"line":114,"column":10}},"42":{"start":{"line":116,"column":0},"end":{"line":116,"column":null}},"43":{"start":{"line":90,"column":13},"end":{"line":90,"column":20}},"44":{"start":{"line":118,"column":0},"end":{"line":118,"column":58}},"45":{"start":{"line":118,"column":26},"end":{"line":118,"column":31}},"46":{"start":{"line":121,"column":8},"end":{"line":121,"column":null}},"47":{"start":{"line":127,"column":4},"end":{"line":131,"column":null}},"48":{"start":{"line":128,"column":8},"end":{"line":130,"column":null}},"49":{"start":{"line":129,"column":12},"end":{"line":129,"column":33}},"50":{"start":{"line":123,"column":8},"end":{"line":125,"column":10}},"51":{"start":{"line":133,"column":11},"end":{"line":141,"column":null}},"52":{"start":{"line":134,"column":8},"end":{"line":140,"column":10}},"53":{"start":{"line":142,"column":0},"end":{"line":142,"column":null}},"54":{"start":{"line":118,"column":13},"end":{"line":118,"column":17}}},"fnMap":{"0":{"name":"(anonymous_7)","decl":{"start":{"line":20,"column":0},"end":{"line":20,"column":13}},"loc":{"start":{"line":20,"column":0},"end":{"line":53,"column":null}}},"1":{"name":"Input","decl":{"start":{"line":21,"column":4},"end":{"line":21,"column":16}},"loc":{"start":{"line":21,"column":26},"end":{"line":27,"column":5}}},"2":{"name":"(anonymous_9)","decl":{"start":{"line":29,"column":19},"end":{"line":29,"column":20}},"loc":{"start":{"line":29,"column":30},"end":{"line":37,"column":5}}},"3":{"name":"(anonymous_10)","decl":{"start":{"line":39,"column":4},"end":{"line":39,"column":11}},"loc":{"start":{"line":39,"column":4},"end":{"line":52,"column":5}}},"4":{"name":"(anonymous_11)","decl":{"start":{"line":55,"column":0},"end":{"line":55,"column":13}},"loc":{"start":{"line":55,"column":0},"end":{"line":88,"column":null}}},"5":{"name":"Select","decl":{"start":{"line":57,"column":4},"end":{"line":57,"column":16}},"loc":{"start":{"line":57,"column":27},"end":{"line":59,"column":5}}},"6":{"name":"(anonymous_13)","decl":{"start":{"line":61,"column":19},"end":{"line":61,"column":20}},"loc":{"start":{"line":61,"column":30},"end":{"line":69,"column":5}}},"7":{"name":"(anonymous_14)","decl":{"start":{"line":71,"column":4},"end":{"line":71,"column":11}},"loc":{"start":{"line":71,"column":4},"end":{"line":87,"column":5}}},"8":{"name":"(anonymous_15)","decl":{"start":{"line":72,"column":49},"end":{"line":72,"column":50}},"loc":{"start":{"line":72,"column":56},"end":{"line":72,"column":70}}},"9":{"name":"(anonymous_16)","decl":{"start":{"line":90,"column":0},"end":{"line":90,"column":13}},"loc":{"start":{"line":90,"column":0},"end":{"line":116,"column":null}}},"10":{"name":"(anonymous_18)","decl":{"start":{"line":92,"column":19},"end":{"line":92,"column":20}},"loc":{"start":{"line":92,"column":30},"end":{"line":100,"column":5}}},"11":{"name":"(anonymous_19)","decl":{"start":{"line":102,"column":4},"end":{"line":102,"column":11}},"loc":{"start":{"line":102,"column":4},"end":{"line":115,"column":5}}},"12":{"name":"(anonymous_20)","decl":{"start":{"line":118,"column":0},"end":{"line":118,"column":13}},"loc":{"start":{"line":118,"column":0},"end":{"line":142,"column":null}}},"13":{"name":"Send","decl":{"start":{"line":120,"column":4},"end":{"line":120,"column":16}},"loc":{"start":{"line":120,"column":26},"end":{"line":126,"column":5}}},"14":{"name":"(anonymous_22)","decl":{"start":{"line":127,"column":19},"end":{"line":127,"column":20}},"loc":{"start":{"line":127,"column":30},"end":{"line":131,"column":5}}},"15":{"name":"(anonymous_23)","decl":{"start":{"line":133,"column":4},"end":{"line":133,"column":11}},"loc":{"start":{"line":133,"column":4},"end":{"line":141,"column":5}}}},"branchMap":{"0":{"loc":{"start":{"line":22,"column":8},"end":{"line":22,"column":20}},"type":"binary-expr","locations":[{"start":{"line":22,"column":8},"end":{"line":22,"column":20}},{"start":{"line":22,"column":20},"end":{"line":22,"column":null}}]},"1":{"loc":{"start":{"line":30,"column":8},"end":{"line":36,"column":null}},"type":"if","locations":[{"start":{"line":30,"column":8},"end":{"line":36,"column":null}},{"start":{"line":30,"column":8},"end":{"line":36,"column":null}}]},"2":{"loc":{"start":{"line":31,"column":12},"end":{"line":35,"column":null}},"type":"if","locations":[{"start":{"line":31,"column":12},"end":{"line":35,"column":null}},{"start":{"line":31,"column":12},"end":{"line":35,"column":null}}]},"3":{"loc":{"start":{"line":31,"column":16},"end":{"line":31,"column":21}},"type":"binary-expr","locations":[{"start":{"line":31,"column":16},"end":{"line":31,"column":21}},{"start":{"line":31,"column":25},"end":{"line":31,"column":37}},{"start":{"line":31,"column":41},"end":{"line":31,"column":59}}]},"4":{"loc":{"start":{"line":40,"column":42},"end":{"line":40,"column":94}},"type":"cond-expr","locations":[{"start":{"line":40,"column":42},"end":{"line":40,"column":94}},{"start":{"line":40,"column":97},"end":{"line":40,"column":104}}]},"5":{"loc":{"start":{"line":58,"column":8},"end":{"line":58,"column":20}},"type":"binary-expr","locations":[{"start":{"line":58,"column":8},"end":{"line":58,"column":20}},{"start":{"line":58,"column":20},"end":{"line":58,"column":null}}]},"6":{"loc":{"start":{"line":62,"column":8},"end":{"line":68,"column":null}},"type":"if","locations":[{"start":{"line":62,"column":8},"end":{"line":68,"column":null}},{"start":{"line":62,"column":8},"end":{"line":68,"column":null}}]},"7":{"loc":{"start":{"line":63,"column":12},"end":{"line":67,"column":null}},"type":"if","locations":[{"start":{"line":63,"column":12},"end":{"line":67,"column":null}},{"start":{"line":63,"column":12},"end":{"line":67,"column":null}}]},"8":{"loc":{"start":{"line":63,"column":16},"end":{"line":63,"column":21}},"type":"binary-expr","locations":[{"start":{"line":63,"column":16},"end":{"line":63,"column":21}},{"start":{"line":63,"column":25},"end":{"line":63,"column":37}},{"start":{"line":63,"column":41},"end":{"line":63,"column":59}}]},"9":{"loc":{"start":{"line":73,"column":42},"end":{"line":73,"column":94}},"type":"cond-expr","locations":[{"start":{"line":73,"column":42},"end":{"line":73,"column":94}},{"start":{"line":73,"column":97},"end":{"line":73,"column":104}}]},"10":{"loc":{"start":{"line":90,"column":0},"end":{"line":90,"column":13}},"type":"binary-expr","locations":[{"start":{"line":90,"column":0},"end":{"line":90,"column":13}},{"start":{"line":90,"column":0},"end":{"line":90,"column":13}},{"start":{"line":90,"column":0},"end":{"line":90,"column":13}}]},"11":{"loc":{"start":{"line":93,"column":8},"end":{"line":99,"column":null}},"type":"if","locations":[{"start":{"line":93,"column":8},"end":{"line":99,"column":null}},{"start":{"line":93,"column":8},"end":{"line":99,"column":null}}]},"12":{"loc":{"start":{"line":94,"column":12},"end":{"line":98,"column":null}},"type":"if","locations":[{"start":{"line":94,"column":12},"end":{"line":98,"column":null}},{"start":{"line":94,"column":12},"end":{"line":98,"column":null}}]},"13":{"loc":{"start":{"line":94,"column":16},"end":{"line":94,"column":21}},"type":"binary-expr","locations":[{"start":{"line":94,"column":16},"end":{"line":94,"column":21}},{"start":{"line":94,"column":25},"end":{"line":94,"column":37}},{"start":{"line":94,"column":41},"end":{"line":94,"column":59}}]},"14":{"loc":{"start":{"line":103,"column":42},"end":{"line":103,"column":94}},"type":"cond-expr","locations":[{"start":{"line":103,"column":42},"end":{"line":103,"column":94}},{"start":{"line":103,"column":97},"end":{"line":103,"column":104}}]},"15":{"loc":{"start":{"line":121,"column":8},"end":{"line":121,"column":20}},"type":"binary-expr","locations":[{"start":{"line":121,"column":8},"end":{"line":121,"column":20}},{"start":{"line":121,"column":20},"end":{"line":121,"column":null}}]},"16":{"loc":{"start":{"line":128,"column":8},"end":{"line":130,"column":null}},"type":"if","locations":[{"start":{"line":128,"column":8},"end":{"line":130,"column":null}},{"start":{"line":128,"column":8},"end":{"line":130,"column":null}}]}},"s":{"0":1,"1":1,"2":1,"3":1,"4":0,"5":0,"6":0,"7":0,"8":0,"9":0,"10":0,"11":1,"12":0,"13":0,"14":1,"15":1,"16":1,"17":1,"18":0,"19":0,"20":0,"21":0,"22":0,"23":0,"24":1,"25":0,"26":0,"27":0,"28":0,"29":1,"30":1,"31":1,"32":1,"33":0,"34":0,"35":0,"36":0,"37":0,"38":0,"39":1,"40":0,"41":0,"42":1,"43":1,"44":1,"45":1,"46":0,"47":0,"48":0,"49":0,"50":0,"51":1,"52":0,"53":1,"54":1},"f":{"0":1,"1":0,"2":0,"3":0,"4":1,"5":0,"6":0,"7":0,"8":0,"9":1,"10":0,"11":0,"12":1,"13":0,"14":0,"15":0},"b":{"0":[0,0],"1":[0,0],"2":[0,0],"3":[0,0,0],"4":[0,0],"5":[0,0],"6":[0,0],"7":[0,0],"8":[0,0,0],"9":[0,0],"10":[0,0,0],"11":[0,0],"12":[0,0],"13":[0,0,0],"14":[0,0],"15":[0,0],"16":[0,0]}}
,"/Users/ajjiro/Desktop/PurrfectMatchGit/PurrfectMatch/purrfect-match/src/HomePage/Card.tsx": {"path":"/Users/ajjiro/Desktop/PurrfectMatchGit/PurrfectMatch/purrfect-match/src/HomePage/Card.tsx","statementMap":{"0":{"start":{"line":1,"column":0},"end":{"line":1,"column":26}},"1":{"start":{"line":2,"column":0},"end":{"line":2,"column":20}},"2":{"start":{"line":11,"column":0},"end":{"line":11,"column":56}},"3":{"start":{"line":11,"column":19},"end":{"line":11,"column":24}},"4":{"start":{"line":13,"column":4},"end":{"line":13,"column":null}},"5":{"start":{"line":15,"column":4},"end":{"line":16,"column":6}},"6":{"start":{"line":19,"column":9},"end":{"line":25,"column":null}},"7":{"start":{"line":20,"column":4},"end":{"line":24,"column":null}},"8":{"start":{"line":26,"column":0},"end":{"line":26,"column":null}},"9":{"start":{"line":28,"column":0},"end":{"line":28,"column":20}}},"fnMap":{"0":{"name":"(anonymous_7)","decl":{"start":{"line":11,"column":0},"end":{"line":11,"column":19}},"loc":{"start":{"line":11,"column":0},"end":{"line":26,"column":null}}},"1":{"name":"Card","decl":{"start":{"line":12,"column":2},"end":{"line":12,"column":14}},"loc":{"start":{"line":12,"column":24},"end":{"line":17,"column":3}}},"2":{"name":"(anonymous_9)","decl":{"start":{"line":19,"column":2},"end":{"line":19,"column":9}},"loc":{"start":{"line":19,"column":2},"end":{"line":25,"column":3}}}},"branchMap":{"0":{"loc":{"start":{"line":13,"column":4},"end":{"line":13,"column":16}},"type":"binary-expr","locations":[{"start":{"line":13,"column":4},"end":{"line":13,"column":16}},{"start":{"line":13,"column":16},"end":{"line":13,"column":null}}]}},"s":{"0":1,"1":1,"2":1,"3":1,"4":0,"5":0,"6":1,"7":0,"8":1,"9":1},"f":{"0":1,"1":0,"2":0},"b":{"0":[0,0]}}
,"/Users/ajjiro/Desktop/PurrfectMatchGit/PurrfectMatch/purrfect-match/src/HomePage/HomePage.tsx": {"path":"/Users/ajjiro/Desktop/PurrfectMatchGit/PurrfectMatch/purrfect-match/src/HomePage/HomePage.tsx","statementMap":{"0":{"start":{"line":1,"column":0},"end":{"line":1,"column":26}},"1":{"start":{"line":3,"column":0},"end":{"line":3,"column":26}},"2":{"start":{"line":12,"column":0},"end":{"line":12,"column":75}},"3":{"start":{"line":12,"column":30},"end":{"line":12,"column":35}},"4":{"start":{"line":14,"column":8},"end":{"line":14,"column":null}},"5":{"start":{"line":16,"column":8},"end":{"line":17,"column":10}},"6":{"start":{"line":20,"column":11},"end":{"line":47,"column":null}},"7":{"start":{"line":21,"column":8},"end":{"line":46,"column":10}},"8":{"start":{"line":48,"column":0},"end":{"line":48,"column":null}},"9":{"start":{"line":12,"column":13},"end":{"line":12,"column":21}}},"fnMap":{"0":{"name":"(anonymous_7)","decl":{"start":{"line":12,"column":0},"end":{"line":12,"column":13}},"loc":{"start":{"line":12,"column":0},"end":{"line":48,"column":null}}},"1":{"name":"HomePage","decl":{"start":{"line":13,"column":4},"end":{"line":13,"column":16}},"loc":{"start":{"line":13,"column":26},"end":{"line":18,"column":5}}},"2":{"name":"(anonymous_9)","decl":{"start":{"line":20,"column":4},"end":{"line":20,"column":11}},"loc":{"start":{"line":20,"column":4},"end":{"line":47,"column":5}}}},"branchMap":{"0":{"loc":{"start":{"line":14,"column":8},"end":{"line":14,"column":20}},"type":"binary-expr","locations":[{"start":{"line":14,"column":8},"end":{"line":14,"column":20}},{"start":{"line":14,"column":20},"end":{"line":14,"column":null}}]}},"s":{"0":1,"1":1,"2":1,"3":1,"4":0,"5":0,"6":1,"7":0,"8":1,"9":1},"f":{"0":1,"1":0,"2":0},"b":{"0":[0,0]}}
,"/Users/ajjiro/Desktop/PurrfectMatchGit/PurrfectMatch/purrfect-match/src/NavigationMenu/NavigationMenu.tsx": {"path":"/Users/ajjiro/Desktop/PurrfectMatchGit/PurrfectMatch/purrfect-match/src/NavigationMenu/NavigationMenu.tsx","statementMap":{"0":{"start":{"line":1,"column":0},"end":{"line":1,"column":31}},"1":{"start":{"line":2,"column":0},"end":{"line":2,"column":30}},"2":{"start":{"line":3,"column":0},"end":{"line":3,"column":40}},"3":{"start":{"line":4,"column":0},"end":{"line":4,"column":40}},"4":{"start":{"line":13,"column":37},"end":{"line":13,"column":39}},"5":{"start":{"line":15,"column":0},"end":{"line":15,"column":73}},"6":{"start":{"line":15,"column":36},"end":{"line":15,"column":41}},"7":{"start":{"line":17,"column":8},"end":{"line":17,"column":null}},"8":{"start":{"line":25,"column":4},"end":{"line":28,"column":null}},"9":{"start":{"line":26,"column":26},"end":{"line":26,"column":44}},"10":{"start":{"line":27,"column":8},"end":{"line":27,"column":81}},"11":{"start":{"line":18,"column":8},"end":{"line":20,"column":null}},"12":{"start":{"line":22,"column":4},"end":{"line":24,"column":null}},"13":{"start":{"line":23,"column":8},"end":{"line":23,"column":null}},"14":{"start":{"line":30,"column":4},"end":{"line":45,"column":null}},"15":{"start":{"line":31,"column":8},"end":{"line":44,"column":10}},"16":{"start":{"line":46,"column":0},"end":{"line":46,"column":null}},"17":{"start":{"line":15,"column":13},"end":{"line":15,"column":27}}},"fnMap":{"0":{"name":"(anonymous_8)","decl":{"start":{"line":15,"column":0},"end":{"line":15,"column":13}},"loc":{"start":{"line":15,"column":0},"end":{"line":46,"column":null}}},"1":{"name":"NavigationMenu","decl":{"start":{"line":16,"column":4},"end":{"line":16,"column":16}},"loc":{"start":{"line":16,"column":25},"end":{"line":21,"column":5}}},"2":{"name":"(anonymous_10)","decl":{"start":{"line":25,"column":19},"end":{"line":25,"column":20}},"loc":{"start":{"line":25,"column":29},"end":{"line":28,"column":5}}},"3":{"name":"(anonymous_11)","decl":{"start":{"line":22,"column":4},"end":{"line":22,"column":21}},"loc":{"start":{"line":22,"column":4},"end":{"line":24,"column":5}}},"4":{"name":"(anonymous_12)","decl":{"start":{"line":30,"column":4},"end":{"line":30,"column":10}},"loc":{"start":{"line":30,"column":4},"end":{"line":45,"column":5}}}},"branchMap":{"0":{"loc":{"start":{"line":17,"column":8},"end":{"line":17,"column":20}},"type":"binary-expr","locations":[{"start":{"line":17,"column":8},"end":{"line":17,"column":20}},{"start":{"line":17,"column":20},"end":{"line":17,"column":null}}]},"1":{"loc":{"start":{"line":32,"column":53},"end":{"line":32,"column":76}},"type":"cond-expr","locations":[{"start":{"line":32,"column":53},"end":{"line":32,"column":76}},{"start":{"line":32,"column":79},"end":{"line":32,"column":87}}]}},"s":{"0":1,"1":1,"2":1,"3":1,"4":1,"5":1,"6":1,"7":0,"8":0,"9":0,"10":0,"11":0,"12":1,"13":0,"14":1,"15":0,"16":1,"17":1},"f":{"0":1,"1":0,"2":0,"3":0,"4":0},"b":{"0":[0,0],"1":[0,0]}}
}
