TN:
SF:/Users/ajjiro/Desktop/PurrfectMatchGit/PurrfectMatch/purrfect-match/src/Api.tsx
FN:6,(anonymous_0)
FN:7,(anonymous_2)
FN:40,(anonymous_3)
FNF:3
FNH:1
FNDA:1,(anonymous_0)
FNDA:0,(anonymous_2)
FNDA:0,(anonymous_3)
DA:1,1
DA:6,1
DA:7,1
DA:10,0
DA:11,0
DA:15,0
DA:36,0
DA:37,0
DA:40,1
DA:42,0
DA:44,1
LF:11
LH:5
BRDA:10,0,0,0
BRDA:10,0,1,0
BRF:2
BRH:0
end_of_record
TN:
SF:/Users/ajjiro/Desktop/PurrfectMatchGit/PurrfectMatch/purrfect-match/src/App.tsx
FN:17,(anonymous_7)
FN:18,App
FN:25,(anonymous_9)
FNF:3
FNH:3
FNDA:1,(anonymous_7)
FNDA:1,App
FNDA:1,(anonymous_9)
DA:1,1
DA:2,1
DA:3,1
DA:4,1
DA:5,1
DA:6,1
DA:7,1
DA:8,1
DA:9,1
DA:17,1
DA:19,1
DA:20,1
DA:25,1
DA:26,1
DA:50,1
LF:15
LH:15
BRDA:19,0,0,1
BRDA:19,0,1,1
BRF:2
BRH:2
end_of_record
TN:
SF:/Users/ajjiro/Desktop/PurrfectMatchGit/PurrfectMatch/purrfect-match/src/CompactView.tsx
FN:17,(anonymous_7)
FN:19,CompactView
FN:27,(anonymous_9)
FN:30,(anonymous_10)
FN:42,(anonymous_11)
FNF:5
FNH:1
FNDA:1,(anonymous_7)
FNDA:0,CompactView
FNDA:0,(anonymous_9)
FNDA:0,(anonymous_10)
FNDA:0,(anonymous_11)
DA:1,1
DA:2,1
DA:4,1
DA:17,1
DA:20,0
DA:22,0
DA:27,1
DA:28,0
DA:30,0
DA:42,0
DA:63,1
LF:11
LH:6
BRDA:20,0,0,0
BRDA:20,0,1,0
BRF:2
BRH:0
end_of_record
TN:
SF:/Users/ajjiro/Desktop/PurrfectMatchGit/PurrfectMatch/purrfect-match/src/ContactPage.tsx
FN:19,(anonymous_7)
FN:21,ContactPage
FN:34,(anonymous_9)
FN:45,(anonymous_10)
FN:59,(anonymous_11)
FN:66,(anonymous_12)
FN:74,(anonymous_13)
FN:79,(anonymous_14)
FN:84,(anonymous_15)
FN:89,(anonymous_16)
FN:105,(anonymous_17)
FN:112,(anonymous_18)
FNF:12
FNH:1
FNDA:1,(anonymous_7)
FNDA:0,ContactPage
FNDA:0,(anonymous_9)
FNDA:0,(anonymous_10)
FNDA:0,(anonymous_11)
FNDA:0,(anonymous_12)
FNDA:0,(anonymous_13)
FNDA:0,(anonymous_14)
FNDA:0,(anonymous_15)
FNDA:0,(anonymous_16)
FNDA:0,(anonymous_17)
FNDA:0,(anonymous_18)
DA:1,1
DA:2,1
DA:3,1
DA:4,1
DA:17,1
DA:19,1
DA:22,0
DA:24,0
DA:34,0
DA:35,0
DA:36,0
DA:39,0
DA:41,0
DA:45,0
DA:46,0
DA:48,0
DA:49,0
DA:50,0
DA:53,0
DA:55,0
DA:59,0
DA:60,0
DA:61,0
DA:63,0
DA:66,1
DA:67,0
DA:74,0
DA:79,0
DA:84,0
DA:89,0
DA:105,0
DA:112,0
DA:120,1
LF:33
LH:8
BRDA:22,0,0,0
BRDA:22,0,1,0
BRDA:35,1,0,0
BRDA:35,1,1,0
BRDA:49,2,0,0
BRDA:49,2,1,0
BRDA:53,3,0,0
BRDA:53,3,1,0
BRDA:60,4,0,0
BRDA:60,4,1,0
BRF:10
BRH:0
end_of_record
TN:
SF:/Users/ajjiro/Desktop/PurrfectMatchGit/PurrfectMatch/purrfect-match/src/Definitions.tsx
FNF:0
FNH:0
DA:8,1
LF:1
LH:1
BRF:0
BRH:0
end_of_record
TN:
SF:/Users/ajjiro/Desktop/PurrfectMatchGit/PurrfectMatch/purrfect-match/src/DonatePage.tsx
FN:10,(anonymous_7)
FN:12,DonatePage
FN:19,(anonymous_9)
FNF:3
FNH:1
FNDA:1,(anonymous_7)
FNDA:0,DonatePage
FNDA:0,(anonymous_9)
DA:1,1
DA:10,1
DA:13,0
DA:15,0
DA:19,1
DA:21,0
DA:28,1
LF:7
LH:4
BRDA:13,0,0,0
BRDA:13,0,1,0
BRF:2
BRH:0
end_of_record
TN:
SF:/Users/ajjiro/Desktop/PurrfectMatchGit/PurrfectMatch/purrfect-match/src/Modal.tsx
FN:12,(anonymous_7)
FN:14,(anonymous_9)
FN:18,(anonymous_10)
FN:19,(anonymous_11)
FN:20,(anonymous_12)
FNF:5
FNH:1
FNDA:1,(anonymous_7)
FNDA:0,(anonymous_9)
FNDA:0,(anonymous_10)
FNDA:0,(anonymous_11)
FNDA:0,(anonymous_12)
DA:1,1
DA:12,1
DA:14,1
DA:15,0
DA:16,0
DA:18,0
DA:19,0
DA:20,0
DA:26,1
LF:9
LH:4
BRDA:15,0,0,0
BRDA:15,0,1,0
BRF:2
BRH:0
end_of_record
TN:
SF:/Users/ajjiro/Desktop/PurrfectMatchGit/PurrfectMatch/purrfect-match/src/SearchPage.tsx
FN:10,(anonymous_7)
FN:12,SearchPage
FN:19,(anonymous_9)
FNF:3
FNH:1
FNDA:1,(anonymous_7)
FNDA:0,SearchPage
FNDA:0,(anonymous_9)
DA:1,1
DA:10,1
DA:13,0
DA:15,0
DA:19,1
DA:21,0
DA:28,1
LF:7
LH:4
BRDA:13,0,0,0
BRDA:13,0,1,0
BRF:2
BRH:0
end_of_record
TN:
SF:/Users/ajjiro/Desktop/PurrfectMatchGit/PurrfectMatch/purrfect-match/src/SuccessStoryPage.tsx
FN:15,(anonymous_7)
FN:18,SuccessStoryPage
FN:27,(anonymous_9)
FNF:3
FNH:1
FNDA:1,(anonymous_7)
FNDA:0,SuccessStoryPage
FNDA:0,(anonymous_9)
DA:1,1
DA:3,1
DA:15,1
DA:19,0
DA:21,0
DA:27,1
DA:28,0
DA:84,1
LF:8
LH:5
BRDA:19,0,0,0
BRDA:19,0,1,0
BRF:2
BRH:0
end_of_record
TN:
SF:/Users/ajjiro/Desktop/PurrfectMatchGit/PurrfectMatch/purrfect-match/src/inputBoxes.tsx
FN:20,(anonymous_7)
FN:21,Input
FN:29,(anonymous_9)
FN:39,(anonymous_10)
FN:55,(anonymous_11)
FN:57,Select
FN:61,(anonymous_13)
FN:71,(anonymous_14)
FN:72,(anonymous_15)
FN:90,(anonymous_16)
FN:92,(anonymous_18)
FN:102,(anonymous_19)
FN:118,(anonymous_20)
FN:120,Send
FN:127,(anonymous_22)
FN:133,(anonymous_23)
FNF:16
FNH:4
FNDA:1,(anonymous_7)
FNDA:0,Input
FNDA:0,(anonymous_9)
FNDA:0,(anonymous_10)
FNDA:1,(anonymous_11)
FNDA:0,Select
FNDA:0,(anonymous_13)
FNDA:0,(anonymous_14)
FNDA:0,(anonymous_15)
FNDA:1,(anonymous_16)
FNDA:0,(anonymous_18)
FNDA:0,(anonymous_19)
FNDA:1,(anonymous_20)
FNDA:0,Send
FNDA:0,(anonymous_22)
FNDA:0,(anonymous_23)
DA:1,1
DA:2,1
DA:20,1
DA:22,0
DA:24,0
DA:29,0
DA:30,0
DA:31,0
DA:32,0
DA:34,0
DA:39,1
DA:40,0
DA:41,0
DA:53,1
DA:55,1
DA:58,0
DA:61,0
DA:62,0
DA:63,0
DA:64,0
DA:66,0
DA:71,1
DA:72,0
DA:73,0
DA:75,0
DA:88,1
DA:90,1
DA:92,0
DA:93,0
DA:94,0
DA:95,0
DA:97,0
DA:102,1
DA:103,0
DA:104,0
DA:116,1
DA:118,1
DA:121,0
DA:123,0
DA:127,0
DA:128,0
DA:129,0
DA:133,1
DA:134,0
DA:142,1
LF:45
LH:14
BRDA:22,0,0,0
BRDA:22,0,1,0
BRDA:30,1,0,0
BRDA:30,1,1,0
BRDA:31,2,0,0
BRDA:31,2,1,0
BRDA:31,3,0,0
BRDA:31,3,1,0
BRDA:31,3,2,0
BRDA:40,4,0,0
BRDA:40,4,1,0
BRDA:58,5,0,0
BRDA:58,5,1,0
BRDA:62,6,0,0
BRDA:62,6,1,0
BRDA:63,7,0,0
BRDA:63,7,1,0
BRDA:63,8,0,0
BRDA:63,8,1,0
BRDA:63,8,2,0
BRDA:73,9,0,0
BRDA:73,9,1,0
BRDA:90,10,0,0
BRDA:90,10,1,0
BRDA:90,10,2,0
BRDA:93,11,0,0
BRDA:93,11,1,0
BRDA:94,12,0,0
BRDA:94,12,1,0
BRDA:94,13,0,0
BRDA:94,13,1,0
BRDA:94,13,2,0
BRDA:103,14,0,0
BRDA:103,14,1,0
BRDA:121,15,0,0
BRDA:121,15,1,0
BRDA:128,16,0,0
BRDA:128,16,1,0
BRF:38
BRH:0
end_of_record
TN:
SF:/Users/ajjiro/Desktop/PurrfectMatchGit/PurrfectMatch/purrfect-match/src/HomePage/Card.tsx
FN:11,(anonymous_7)
FN:12,Card
FN:19,(anonymous_9)
FNF:3
FNH:1
FNDA:1,(anonymous_7)
FNDA:0,Card
FNDA:0,(anonymous_9)
DA:1,1
DA:2,1
DA:11,1
DA:13,0
DA:15,0
DA:19,1
DA:20,0
DA:26,1
DA:28,1
LF:9
LH:6
BRDA:13,0,0,0
BRDA:13,0,1,0
BRF:2
BRH:0
end_of_record
TN:
SF:/Users/ajjiro/Desktop/PurrfectMatchGit/PurrfectMatch/purrfect-match/src/HomePage/HomePage.tsx
FN:12,(anonymous_7)
FN:13,HomePage
FN:20,(anonymous_9)
FNF:3
FNH:1
FNDA:1,(anonymous_7)
FNDA:0,HomePage
FNDA:0,(anonymous_9)
DA:1,1
DA:3,1
DA:12,1
DA:14,0
DA:16,0
DA:20,1
DA:21,0
DA:48,1
LF:8
LH:5
BRDA:14,0,0,0
BRDA:14,0,1,0
BRF:2
BRH:0
end_of_record
TN:
SF:/Users/ajjiro/Desktop/PurrfectMatchGit/PurrfectMatch/purrfect-match/src/NavigationMenu/NavigationMenu.tsx
FN:15,(anonymous_8)
FN:16,NavigationMenu
FN:25,(anonymous_10)
FN:22,(anonymous_11)
FN:30,(anonymous_12)
FNF:5
FNH:1
FNDA:1,(anonymous_8)
FNDA:0,NavigationMenu
FNDA:0,(anonymous_10)
FNDA:0,(anonymous_11)
FNDA:0,(anonymous_12)
DA:1,1
DA:2,1
DA:3,1
DA:4,1
DA:13,1
DA:15,1
DA:17,0
DA:18,0
DA:22,1
DA:23,0
DA:25,0
DA:26,0
DA:27,0
DA:30,1
DA:31,0
DA:46,1
LF:16
LH:9
BRDA:17,0,0,0
BRDA:17,0,1,0
BRDA:32,1,0,0
BRDA:32,1,1,0
BRF:4
BRH:0
end_of_record
